running egg_info
creating ../../build/my_turtle_pkg/my_turtle_pkg.egg-info
writing ../../build/my_turtle_pkg/my_turtle_pkg.egg-info/PKG-INFO
writing dependency_links to ../../build/my_turtle_pkg/my_turtle_pkg.egg-info/dependency_links.txt
writing entry points to ../../build/my_turtle_pkg/my_turtle_pkg.egg-info/entry_points.txt
writing requirements to ../../build/my_turtle_pkg/my_turtle_pkg.egg-info/requires.txt
writing top-level names to ../../build/my_turtle_pkg/my_turtle_pkg.egg-info/top_level.txt
writing manifest file '../../build/my_turtle_pkg/my_turtle_pkg.egg-info/SOURCES.txt'
reading manifest file '../../build/my_turtle_pkg/my_turtle_pkg.egg-info/SOURCES.txt'
writing manifest file '../../build/my_turtle_pkg/my_turtle_pkg.egg-info/SOURCES.txt'
running build
running build_py
creating /root/ros2_ws/build/my_turtle_pkg/build
creating /root/ros2_ws/build/my_turtle_pkg/build/lib
creating /root/ros2_ws/build/my_turtle_pkg/build/lib/my_turtle_pkg
copying my_turtle_pkg/__init__.py -> /root/ros2_ws/build/my_turtle_pkg/build/lib/my_turtle_pkg
copying my_turtle_pkg/draw_boundaries_nodes.py -> /root/ros2_ws/build/my_turtle_pkg/build/lib/my_turtle_pkg
running install
running install_lib
creating /root/ros2_ws/install/my_turtle_pkg/lib/python3.10/site-packages/my_turtle_pkg
copying /root/ros2_ws/build/my_turtle_pkg/build/lib/my_turtle_pkg/__init__.py -> /root/ros2_ws/install/my_turtle_pkg/lib/python3.10/site-packages/my_turtle_pkg
copying /root/ros2_ws/build/my_turtle_pkg/build/lib/my_turtle_pkg/draw_boundaries_nodes.py -> /root/ros2_ws/install/my_turtle_pkg/lib/python3.10/site-packages/my_turtle_pkg
byte-compiling /root/ros2_ws/install/my_turtle_pkg/lib/python3.10/site-packages/my_turtle_pkg/__init__.py to __init__.cpython-310.pyc
byte-compiling /root/ros2_ws/install/my_turtle_pkg/lib/python3.10/site-packages/my_turtle_pkg/draw_boundaries_nodes.py to draw_boundaries_nodes.cpython-310.pyc
running install_data
creating /root/ros2_ws/install/my_turtle_pkg/share/ament_index
creating /root/ros2_ws/install/my_turtle_pkg/share/ament_index/resource_index
creating /root/ros2_ws/install/my_turtle_pkg/share/ament_index/resource_index/packages
copying resource/my_turtle_pkg -> /root/ros2_ws/install/my_turtle_pkg/share/ament_index/resource_index/packages
copying package.xml -> /root/ros2_ws/install/my_turtle_pkg/share/my_turtle_pkg
creating /root/ros2_ws/install/my_turtle_pkg/share/my_turtle_pkg/launch
copying launch/draw_boundaries.launch.py -> /root/ros2_ws/install/my_turtle_pkg/share/my_turtle_pkg/launch
running install_egg_info
Copying ../../build/my_turtle_pkg/my_turtle_pkg.egg-info to /root/ros2_ws/install/my_turtle_pkg/lib/python3.10/site-packages/my_turtle_pkg-0.0.0-py3.10.egg-info
running install_scripts
Installing draw_boundaries_node script to /root/ros2_ws/install/my_turtle_pkg/bin
writing list of installed files to '/root/ros2_ws/build/my_turtle_pkg/install.log'
