[0.668s] Invoking command in '/home/thugr4/ros2_ws/src/my_turtle_pkg': DEBUGINFOD_URLS=https://debuginfod.ubuntu.com PYTHONPATH=/home/thugr4/ros2_ws/build/my_turtle_pkg/prefix_override:/usr/lib/python3/dist-packages/colcon_core/task/python/colcon_distutils_commands:/home/thugr4/ros2_ws/install/my_turtle_pkg/lib/python3.12/site-packages: /usr/bin/python3 -W ignore:setup.py install is deprecated -W ignore:easy_install command is deprecated setup.py egg_info --egg-base ../../build/my_turtle_pkg build --build-base /home/thugr4/ros2_ws/build/my_turtle_pkg/build install --record /home/thugr4/ros2_ws/build/my_turtle_pkg/install.log --single-version-externally-managed install_data
[0.896s] running egg_info
[0.906s] writing ../../build/my_turtle_pkg/my_turtle_pkg.egg-info/PKG-INFO
[0.906s] writing dependency_links to ../../build/my_turtle_pkg/my_turtle_pkg.egg-info/dependency_links.txt
[0.907s] writing entry points to ../../build/my_turtle_pkg/my_turtle_pkg.egg-info/entry_points.txt
[0.907s] writing requirements to ../../build/my_turtle_pkg/my_turtle_pkg.egg-info/requires.txt
[0.907s] writing top-level names to ../../build/my_turtle_pkg/my_turtle_pkg.egg-info/top_level.txt
[0.933s] reading manifest file '../../build/my_turtle_pkg/my_turtle_pkg.egg-info/SOURCES.txt'
[0.934s] writing manifest file '../../build/my_turtle_pkg/my_turtle_pkg.egg-info/SOURCES.txt'
[0.934s] running build
[0.934s] running build_py
[0.934s] running install
[0.940s] running install_lib
[0.951s] running install_data
[0.951s] running install_egg_info
[0.963s] removing '/home/thugr4/ros2_ws/install/my_turtle_pkg/lib/python3.12/site-packages/my_turtle_pkg-0.0.0-py3.12.egg-info' (and everything under it)
[0.963s] Copying ../../build/my_turtle_pkg/my_turtle_pkg.egg-info to /home/thugr4/ros2_ws/install/my_turtle_pkg/lib/python3.12/site-packages/my_turtle_pkg-0.0.0-py3.12.egg-info
[0.964s] running install_scripts
[1.058s] Installing draw_boundaries_node script to /home/thugr4/ros2_ws/install/my_turtle_pkg/bin
[1.058s] writing list of installed files to '/home/thugr4/ros2_ws/build/my_turtle_pkg/install.log'
[1.084s] Invoked command in '/home/thugr4/ros2_ws/src/my_turtle_pkg' returned '0': DEBUGINFOD_URLS=https://debuginfod.ubuntu.com PYTHONPATH=/home/thugr4/ros2_ws/build/my_turtle_pkg/prefix_override:/usr/lib/python3/dist-packages/colcon_core/task/python/colcon_distutils_commands:/home/thugr4/ros2_ws/install/my_turtle_pkg/lib/python3.12/site-packages: /usr/bin/python3 -W ignore:setup.py install is deprecated -W ignore:easy_install command is deprecated setup.py egg_info --egg-base ../../build/my_turtle_pkg build --build-base /home/thugr4/ros2_ws/build/my_turtle_pkg/build install --record /home/thugr4/ros2_ws/build/my_turtle_pkg/install.log --single-version-externally-managed install_data
