[0.814s] Invoking command in '/root/ros2_ws/build/wifi_mapper': PYTHONPATH=/root/ros2_ws/build/wifi_mapper/prefix_override:/usr/lib/python3/dist-packages/colcon_core/task/python/colcon_distutils_commands:/root/ros2_ws/install/wifi_mapper/lib/python3.10/site-packages:${PYTHONPATH} /usr/bin/python3 -W ignore:setup.py install is deprecated -W ignore:easy_install command is deprecated setup.py develop --editable --build-directory /root/ros2_ws/build/wifi_mapper/build --no-deps symlink_data
[1.137s] running develop
[1.309s] running egg_info
[1.309s] creating wifi_mapper.egg-info
[1.309s] writing wifi_mapper.egg-info/PKG-INFO
[1.309s] writing dependency_links to wifi_mapper.egg-info/dependency_links.txt
[1.310s] writing entry points to wifi_mapper.egg-info/entry_points.txt
[1.310s] writing requirements to wifi_mapper.egg-info/requires.txt
[1.310s] writing top-level names to wifi_mapper.egg-info/top_level.txt
[1.310s] writing manifest file 'wifi_mapper.egg-info/SOURCES.txt'
[1.312s] reading manifest file 'wifi_mapper.egg-info/SOURCES.txt'
[1.312s] writing manifest file 'wifi_mapper.egg-info/SOURCES.txt'
[1.314s] running build_ext
[1.314s] Creating /root/ros2_ws/install/wifi_mapper/lib/python3.10/site-packages/wifi-mapper.egg-link (link to .)
[1.315s] Installing explorer_node script to /root/ros2_ws/install/wifi_mapper/lib/wifi_mapper
[1.316s] Installing heatmap_node script to /root/ros2_ws/install/wifi_mapper/lib/wifi_mapper
[1.316s] Installing wifi_scanner_node script to /root/ros2_ws/install/wifi_mapper/lib/wifi_mapper
[1.316s] 
[1.316s] Installed /root/ros2_ws/build/wifi_mapper
[1.316s] running symlink_data
[1.316s] creating /root/ros2_ws/install/wifi_mapper/share/ament_index
[1.317s] creating /root/ros2_ws/install/wifi_mapper/share/ament_index/resource_index
[1.317s] creating /root/ros2_ws/install/wifi_mapper/share/ament_index/resource_index/packages
[1.317s] symbolically linking /root/ros2_ws/build/wifi_mapper/resource/wifi_mapper -> /root/ros2_ws/install/wifi_mapper/share/ament_index/resource_index/packages
[1.317s] symbolically linking /root/ros2_ws/build/wifi_mapper/package.xml -> /root/ros2_ws/install/wifi_mapper/share/wifi_mapper
[1.317s] creating /root/ros2_ws/install/wifi_mapper/share/wifi_mapper/launch
[1.317s] symbolically linking /root/ros2_ws/build/wifi_mapper/launch/wifi_mapper.launch.py -> /root/ros2_ws/install/wifi_mapper/share/wifi_mapper/launch
[1.317s] creating /root/ros2_ws/install/wifi_mapper/share/wifi_mapper/config
[1.317s] symbolically linking /root/ros2_ws/build/wifi_mapper/config/params.yaml -> /root/ros2_ws/install/wifi_mapper/share/wifi_mapper/config
[1.348s] Invoked command in '/root/ros2_ws/build/wifi_mapper' returned '0': PYTHONPATH=/root/ros2_ws/build/wifi_mapper/prefix_override:/usr/lib/python3/dist-packages/colcon_core/task/python/colcon_distutils_commands:/root/ros2_ws/install/wifi_mapper/lib/python3.10/site-packages:${PYTHONPATH} /usr/bin/python3 -W ignore:setup.py install is deprecated -W ignore:easy_install command is deprecated setup.py develop --editable --build-directory /root/ros2_ws/build/wifi_mapper/build --no-deps symlink_data
