running egg_info
writing ../../build/my_turtle_pkg/my_turtle_pkg.egg-info/PKG-INFO
writing dependency_links to ../../build/my_turtle_pkg/my_turtle_pkg.egg-info/dependency_links.txt
writing entry points to ../../build/my_turtle_pkg/my_turtle_pkg.egg-info/entry_points.txt
writing requirements to ../../build/my_turtle_pkg/my_turtle_pkg.egg-info/requires.txt
writing top-level names to ../../build/my_turtle_pkg/my_turtle_pkg.egg-info/top_level.txt
reading manifest file '../../build/my_turtle_pkg/my_turtle_pkg.egg-info/SOURCES.txt'
writing manifest file '../../build/my_turtle_pkg/my_turtle_pkg.egg-info/SOURCES.txt'
running build
running build_py
running install
running install_lib
creating /home/thugr4/ros2_ws/install/my_turtle_pkg/lib/python3.12/site-packages/my_turtle_pkg
copying /home/thugr4/ros2_ws/build/my_turtle_pkg/build/lib/my_turtle_pkg/__init__.py -> /home/thugr4/ros2_ws/install/my_turtle_pkg/lib/python3.12/site-packages/my_turtle_pkg
copying /home/thugr4/ros2_ws/build/my_turtle_pkg/build/lib/my_turtle_pkg/draw_boundaries_nodes.py -> /home/thugr4/ros2_ws/install/my_turtle_pkg/lib/python3.12/site-packages/my_turtle_pkg
byte-compiling /home/thugr4/ros2_ws/install/my_turtle_pkg/lib/python3.12/site-packages/my_turtle_pkg/__init__.py to __init__.cpython-312.pyc
byte-compiling /home/thugr4/ros2_ws/install/my_turtle_pkg/lib/python3.12/site-packages/my_turtle_pkg/draw_boundaries_nodes.py to draw_boundaries_nodes.cpython-312.pyc
running install_data
running install_egg_info
Copying ../../build/my_turtle_pkg/my_turtle_pkg.egg-info to /home/thugr4/ros2_ws/install/my_turtle_pkg/lib/python3.12/site-packages/my_turtle_pkg-0.0.0-py3.12.egg-info
running install_scripts
Installing draw_boundaries_node script to /home/thugr4/ros2_ws/install/my_turtle_pkg/bin
writing list of installed files to '/home/thugr4/ros2_ws/build/my_turtle_pkg/install.log'
