[0.709s] Invoking command in '/home/thugr4/ros2_ws/src/my_turtle_pkg': PYTHONPATH=/home/thugr4/ros2_ws/build/my_turtle_pkg/prefix_override:/usr/lib/python3/dist-packages/colcon_core/task/python/colcon_distutils_commands:/home/thugr4/ros2_ws/install/my_turtle_pkg/lib/python3.12/site-packages: /usr/bin/python3 -W ignore:setup.py install is deprecated -W ignore:easy_install command is deprecated setup.py egg_info --egg-base ../../build/my_turtle_pkg build --build-base /home/thugr4/ros2_ws/build/my_turtle_pkg/build install --record /home/thugr4/ros2_ws/build/my_turtle_pkg/install.log --single-version-externally-managed install_data
[0.930s] running egg_info
[0.941s] writing ../../build/my_turtle_pkg/my_turtle_pkg.egg-info/PKG-INFO
[0.941s] writing dependency_links to ../../build/my_turtle_pkg/my_turtle_pkg.egg-info/dependency_links.txt
[0.941s] writing entry points to ../../build/my_turtle_pkg/my_turtle_pkg.egg-info/entry_points.txt
[0.941s] writing requirements to ../../build/my_turtle_pkg/my_turtle_pkg.egg-info/requires.txt
[0.941s] writing top-level names to ../../build/my_turtle_pkg/my_turtle_pkg.egg-info/top_level.txt
[0.963s] reading manifest file '../../build/my_turtle_pkg/my_turtle_pkg.egg-info/SOURCES.txt'
[0.963s] writing manifest file '../../build/my_turtle_pkg/my_turtle_pkg.egg-info/SOURCES.txt'
[0.964s] running build
[0.964s] running build_py
[0.964s] running install
[0.969s] running install_lib
[0.980s] creating /home/thugr4/ros2_ws/install/my_turtle_pkg/lib/python3.12/site-packages/my_turtle_pkg
[0.980s] copying /home/thugr4/ros2_ws/build/my_turtle_pkg/build/lib/my_turtle_pkg/__init__.py -> /home/thugr4/ros2_ws/install/my_turtle_pkg/lib/python3.12/site-packages/my_turtle_pkg
[0.980s] copying /home/thugr4/ros2_ws/build/my_turtle_pkg/build/lib/my_turtle_pkg/draw_boundaries_nodes.py -> /home/thugr4/ros2_ws/install/my_turtle_pkg/lib/python3.12/site-packages/my_turtle_pkg
[0.980s] byte-compiling /home/thugr4/ros2_ws/install/my_turtle_pkg/lib/python3.12/site-packages/my_turtle_pkg/__init__.py to __init__.cpython-312.pyc
[0.981s] byte-compiling /home/thugr4/ros2_ws/install/my_turtle_pkg/lib/python3.12/site-packages/my_turtle_pkg/draw_boundaries_nodes.py to draw_boundaries_nodes.cpython-312.pyc
[0.982s] running install_data
[0.982s] running install_egg_info
[0.994s] Copying ../../build/my_turtle_pkg/my_turtle_pkg.egg-info to /home/thugr4/ros2_ws/install/my_turtle_pkg/lib/python3.12/site-packages/my_turtle_pkg-0.0.0-py3.12.egg-info
[0.995s] running install_scripts
[1.083s] Installing draw_boundaries_node script to /home/thugr4/ros2_ws/install/my_turtle_pkg/bin
[1.084s] writing list of installed files to '/home/thugr4/ros2_ws/build/my_turtle_pkg/install.log'
[1.108s] Invoked command in '/home/thugr4/ros2_ws/src/my_turtle_pkg' returned '0': PYTHONPATH=/home/thugr4/ros2_ws/build/my_turtle_pkg/prefix_override:/usr/lib/python3/dist-packages/colcon_core/task/python/colcon_distutils_commands:/home/thugr4/ros2_ws/install/my_turtle_pkg/lib/python3.12/site-packages: /usr/bin/python3 -W ignore:setup.py install is deprecated -W ignore:easy_install command is deprecated setup.py egg_info --egg-base ../../build/my_turtle_pkg build --build-base /home/thugr4/ros2_ws/build/my_turtle_pkg/build install --record /home/thugr4/ros2_ws/build/my_turtle_pkg/install.log --single-version-externally-managed install_data
